<?xml version="1.0" encoding="UTF-8"?>
<!-- Generated by org.testng.reporters.JUnitReportReporter -->
<testsuite hostname="sun-PC" name="com.test.ZptztOrderaddr" tests="1" failures="0" timestamp="3 Feb 2015 08:37:23 GMT" time="2.388" errors="0">
  <testcase name="f" time="2.388" classname="com.test.ZptztOrderaddr"/>
</testsuite> <!-- com.test.ZptztOrderaddr -->
