<?xml version="1.0" encoding="UTF-8"?>
<!-- Generated by org.testng.reporters.JUnitReportReporter -->
<testsuite hostname="sun-PC" name="demo.cre.AutoCreOrder" tests="1" failures="0" timestamp="10 Dec 2014 02:39:00 GMT" time="0.972" errors="0">
  <testcase name="readXml" time="0.972" classname="demo.cre.AutoCreOrder"/>
</testsuite> <!-- demo.cre.AutoCreOrder -->
