<?xml version="1.0" encoding="UTF-8"?>
<!-- Generated by org.testng.reporters.JUnitReportReporter -->
<testsuite hostname="sun-PC" name="cre.bigclient_order.ImportOrder" tests="1" failures="0" timestamp="16 Dec 2014 07:11:09 GMT" time="26.147" errors="0">
  <testcase name="f" time="26.147" classname="cre.bigclient_order.ImportOrder"/>
</testsuite> <!-- cre.bigclient_order.ImportOrder -->
