<?xml version="1.0" encoding="UTF-8"?>
<!-- Generated by org.testng.reporters.JUnitReportReporter -->
<testsuite hostname="2012-20150403HL" name="com.sun.demo.CreateUser" tests="1" failures="1" timestamp="10 Aug 2015 06:47:14 GMT" time="0.085" errors="0">
  <testcase name="f" time="0.085" classname="com.sun.demo.CreateUser">
    <failure type="com.meterware.httpunit.HttpNotFoundException" message="Error on HTTP request: 404 Not Found [http://www.allinmd.cn/call/web/user/userRegist/?paramJson={&quot;account&quot;:&quot;xwfypg7023@126.com&quot;,&quot;type&quot;:&quot;email&quot;,&quot;passwd&quot;:&quot;111111&quot;,&quot;ref&quot;:&quot;&quot;}]">
      <![CDATA[com.meterware.httpunit.HttpNotFoundException: Error on HTTP request: 404 Not Found [http://www.allinmd.cn/call/web/user/userRegist/?paramJson={"account":"xwfypg7023@126.com","type":"email","passwd":"111111","ref":""}]
	at com.meterware.httpunit.WebClient.validateHeaders(WebClient.java:621)
	at com.meterware.httpunit.WebClient.updateClient(WebClient.java:500)
	at com.meterware.httpunit.WebWindow.updateWindow(WebWindow.java:192)
	at com.meterware.httpunit.WebWindow.getSubframeResponse(WebWindow.java:183)
	at com.meterware.httpunit.WebWindow.getResponse(WebWindow.java:158)
	at com.meterware.httpunit.WebClient.getResponse(WebClient.java:122)
	at com.sun.demo.CreateUser.createEmailUser(CreateUser.java:27)
	at com.sun.demo.CreateUser.f(CreateUser.java:73)
	at sun.reflect.NativeMethodAccessorImpl.invoke0(Native Method)
	at sun.reflect.NativeMethodAccessorImpl.invoke(Unknown Source)
	at sun.reflect.DelegatingMethodAccessorImpl.invoke(Unknown Source)
	at java.lang.reflect.Method.invoke(Unknown Source)
	at org.testng.internal.MethodInvocationHelper.invokeMethod(MethodInvocationHelper.java:84)
	at org.testng.internal.Invoker.invokeMethod(Invoker.java:714)
	at org.testng.internal.Invoker.invokeTestMethod(Invoker.java:901)
	at org.testng.internal.Invoker.invokeTestMethods(Invoker.java:1231)
	at org.testng.internal.TestMethodWorker.invokeTestMethods(TestMethodWorker.java:127)
	at org.testng.internal.TestMethodWorker.run(TestMethodWorker.java:111)
	at org.testng.TestRunner.privateRun(TestRunner.java:767)
	at org.testng.TestRunner.run(TestRunner.java:617)
	at org.testng.SuiteRunner.runTest(SuiteRunner.java:334)
	at org.testng.SuiteRunner.runSequentially(SuiteRunner.java:329)
	at org.testng.SuiteRunner.privateRun(SuiteRunner.java:291)
	at org.testng.SuiteRunner.run(SuiteRunner.java:240)
	at org.testng.SuiteRunnerWorker.runSuite(SuiteRunnerWorker.java:52)
	at org.testng.SuiteRunnerWorker.run(SuiteRunnerWorker.java:86)
	at org.testng.TestNG.runSuitesSequentially(TestNG.java:1224)
	at org.testng.TestNG.runSuitesLocally(TestNG.java:1149)
	at org.testng.TestNG.run(TestNG.java:1057)
	at org.testng.remote.RemoteTestNG.run(RemoteTestNG.java:111)
	at org.testng.remote.RemoteTestNG.initAndRun(RemoteTestNG.java:204)
	at org.testng.remote.RemoteTestNG.main(RemoteTestNG.java:175)
]]>
    </failure>
  </testcase> <!-- f -->
</testsuite> <!-- com.sun.demo.CreateUser -->
