<?xml version="1.0" encoding="UTF-8"?>
<!-- Generated by org.testng.reporters.JUnitReportReporter -->
<testsuite hostname="2012-20150403HL" name="com.sun.demo.AdbMethod" tests="1" failures="0" timestamp="14 Aug 2015 08:23:23 GMT" time="4.674" errors="0">
  <testcase name="f" time="4.674" classname="com.sun.demo.AdbMethod"/>
</testsuite> <!-- com.sun.demo.AdbMethod -->
