<?xml version="1.0" encoding="UTF-8"?>
<!-- Generated by org.testng.reporters.JUnitReportReporter -->
<testsuite hostname="2012-20150403HL" name="com.sun.demo.FtpApcheDownFile" tests="1" failures="0" timestamp="19 Aug 2015 05:44:27 GMT" time="5.593" errors="0">
  <testcase name="f" time="5.593" classname="com.sun.demo.FtpApcheDownFile"/>
</testsuite> <!-- com.sun.demo.FtpApcheDownFile -->
